<?xml version="1.0" encoding="UTF-8"?>
<!-- Generated by org.testng.reporters.JUnitReportReporter -->
<testsuite skipped="2" hostname="dell" name="Academy.HomeTest" tests="2" failures="0" timestamp="2020-06-25T18:22:59 IST" time="0.000" errors="0">
  <testcase name="basePageNavigation" time="0.000" classname="Academy.HomeTest">
    <skipped/>
  </testcase> <!-- basePageNavigation -->
  <system-out/>
  <testcase name="basePageNavigation" time="0.000" classname="Academy.HomeTest">
    <skipped/>
  </testcase> <!-- basePageNavigation -->
  <system-out/>
</testsuite> <!-- Academy.HomeTest -->
