<?xml version="1.0" encoding="UTF-8"?>
<!-- Generated by org.testng.reporters.JUnitReportReporter -->
<testsuite skipped="0" hostname="dell" name="Academy.AppTest" tests="1" failures="0" timestamp="2020-06-25T18:23:08 IST" time="0.172" errors="0">
  <testcase name="shouldAnswerWithTrue" time="0.172" classname="Academy.AppTest"/>
  <system-out/>
</testsuite> <!-- Academy.AppTest -->
