<?xml version="1.0" encoding="UTF-8"?>
<!-- Generated by org.testng.reporters.JUnitReportReporter -->
<testsuite skipped="0" hostname="dell" name="Academy.validateNavigationBar" tests="1" failures="0" timestamp="2020-06-24T00:03:11 IST" time="0.135" errors="0">
  <testcase name="basePageNavigation" time="0.135" classname="Academy.validateNavigationBar"/>
  <system-out/>
</testsuite> <!-- Academy.validateNavigationBar -->
