<?xml version="1.0" encoding="UTF-8"?>
<!-- Generated by org.testng.reporters.JUnitReportReporter -->
<testsuite skipped="0" hostname="dell" name="Academy.ValidateTitle" tests="1" failures="0" timestamp="2020-06-24T00:03:11 IST" time="0.093" errors="0">
  <testcase name="basePageNavigation" time="0.093" classname="Academy.ValidateTitle"/>
  <system-out/>
</testsuite> <!-- Academy.ValidateTitle -->
