<?xml version="1.0" encoding="UTF-8"?>
<!-- Generated by org.testng.reporters.JUnitReportReporter -->
<testsuite skipped="0" hostname="dell" name="Academy.Home" tests="2" failures="0" timestamp="2020-06-24T00:03:11 IST" time="47.147" errors="0">
  <testcase name="basePageNavigation" time="19.213" classname="Academy.Home"/>
  <system-out/>
  <testcase name="basePageNavigation" time="27.934" classname="Academy.Home"/>
  <system-out/>
</testsuite> <!-- Academy.Home -->
