<?xml version="1.0" encoding="UTF-8"?>
<!-- Generated by org.testng.reporters.JUnitReportReporter -->
<testsuite skipped="0" hostname="dell" name="Academy.HomeTest" tests="2" failures="0" timestamp="2020-06-24T23:12:39 IST" time="54.841" errors="0">
  <testcase name="basePageNavigation" time="17.102" classname="Academy.HomeTest"/>
  <system-out/>
  <testcase name="basePageNavigation" time="37.739" classname="Academy.HomeTest"/>
  <system-out/>
</testsuite> <!-- Academy.HomeTest -->
