<?xml version="1.0" encoding="UTF-8"?>
<!-- Generated by org.testng.reporters.JUnitReportReporter -->
<testsuite skipped="0" hostname="dell" name="CucumberOption.TestRunner" tests="1" failures="0" timestamp="2020-07-06T16:54:21 IST" time="33.505" errors="0">
  <testcase name="feature" time="33.505" classname="CucumberOption.TestRunner"/>
  <system-out/>
</testsuite> <!-- CucumberOption.TestRunner -->
