<?xml version="1.0" encoding="UTF-8"?>
<!-- Generated by org.testng.reporters.JUnitReportReporter -->
<testsuite skipped="0" hostname="dell" name="Academy.validateNavigationBarTest" tests="1" failures="0" timestamp="2020-06-25T17:11:44 IST" time="0.096" errors="0">
  <testcase name="basePageNavigation" time="0.096" classname="Academy.validateNavigationBarTest"/>
  <system-out/>
</testsuite> <!-- Academy.validateNavigationBarTest -->
