<?xml version="1.0" encoding="UTF-8"?>
<!-- Generated by org.testng.reporters.JUnitReportReporter -->
<testsuite skipped="0" hostname="dell" name="CucumberOption.TestRunner" tests="1" failures="0" timestamp="2020-07-06T17:00:56 IST" time="32.178" errors="0">
  <testcase name="feature" time="32.178" classname="CucumberOption.TestRunner"/>
  <system-out/>
</testsuite> <!-- CucumberOption.TestRunner -->
